<?xml version="1.0" encoding="UTF-8"?>
<!-- Generated by org.testng.reporters.JUnitReportReporter -->
<testsuite hostname="DESKTOP-90H07MS" failures="0" tests="1" name="base.baseclass" time="34.202" errors="0" timestamp="2021-10-28T22:48:57 IST" skipped="0">
  <testcase classname="base.baseclass" name="setup" time="34.202"/>
  <system-out/>
</testsuite> <!-- base.baseclass -->
